# JRE version: Java(TM) SE Runtime Environment (7.0_40-b43) (build 1.7.0_40-b43)
# Java VM: Java HotSpot(TM) Client VM (24.0-b56 mixed mode, sharing windows-x86 )
Heap
 def new generation   total 8192K, used 2074K [0x23a10000, 0x242f0000, 0x28f60000)
  eden space 7296K,  16% used [0x23a10000, 0x23b36900, 0x24130000)
  from space 896K, 100% used [0x24210000, 0x242f0000, 0x242f0000)
  to   space 896K,   0% used [0x24130000, 0x24130000, 0x24210000)
 tenured generation   total 18116K, used 11453K [0x28f60000, 0x2a111000, 0x33a10000)
   the space 18116K,  63% used [0x28f60000, 0x29a8f570, 0x29a8f600, 0x2a111000)
 compacting perm gen  total 12288K, used 8868K [0x33a10000, 0x34610000, 0x37a10000)
   the space 12288K,  72% used [0x33a10000, 0x342b92f8, 0x342b9400, 0x34610000)
    ro space 10240K,  41% used [0x37a10000, 0x37e416b0, 0x37e41800, 0x38410000)
    rw space 12288K,  52% used [0x38410000, 0x38a559f0, 0x38a55a00, 0x39010000)
GC Heap History (10 events):
Event: 7.222 GC heap before
{Heap before GC invocations=10 (full 0):
 def new generation   total 4928K, used 4790K [0x23a10000, 0x23f60000, 0x28f60000)
  eden space 4416K, 100% used [0x23a10000, 0x23e60000, 0x23e60000)
  from space 512K,  73% used [0x23e60000, 0x23ebda18, 0x23ee0000)
  to   space 512K,   0% used [0x23ee0000, 0x23ee0000, 0x23f60000)
 tenured generation   total 10944K, used 5281K [0x28f60000, 0x29a10000, 0x33a10000)
   the space 10944K,  48% used [0x28f60000, 0x29488458, 0x29488600, 0x29a10000)
 compacting perm gen  total 12288K, used 8139K [0x33a10000, 0x34610000, 0x37a10000)
   the space 12288K,  66% used [0x33a10000, 0x34202e00, 0x34202e00, 0x34610000)
    ro space 10240K,  41% used [0x37a10000, 0x37e416b0, 0x37e41800, 0x38410000)
    rw space 12288K,  52% used [0x38410000, 0x38a559f0, 0x38a55a00, 0x39010000)
Event: 7.227 GC heap after
Heap after GC invocations=11 (full 0):
 def new generation   total 4928K, used 363K [0x23a10000, 0x23f60000, 0x28f60000)
  eden space 4416K,   0% used [0x23a10000, 0x23a10000, 0x23e60000)
  from space 512K,  70% used [0x23ee0000, 0x23f3ac90, 0x23f60000)
  to   space 512K,   0% used [0x23e60000, 0x23e60000, 0x23ee0000)
 tenured generation   total 10944K, used 5454K [0x28f60000, 0x29a10000, 0x33a10000)
   the space 10944K,  49% used [0x28f60000, 0x294b3bd0, 0x294b3c00, 0x29a10000)
 compacting perm gen  total 12288K, used 8139K [0x33a10000, 0x34610000, 0x37a10000)
   the space 12288K,  66% used [0x33a10000, 0x34202e00, 0x34202e00, 0x34610000)
    ro space 10240K,  41% used [0x37a10000, 0x37e416b0, 0x37e41800, 0x38410000)
    rw space 12288K,  52% used [0x38410000, 0x38a559f0, 0x38a55a00, 0x39010000)
}
Event: 9.132 GC heap before
{Heap before GC invocations=11 (full 0):
 def new generation   total 4928K, used 4779K [0x23a10000, 0x23f60000, 0x28f60000)
  eden space 4416K, 100% used [0x23a10000, 0x23e60000, 0x23e60000)
  from space 512K,  70% used [0x23ee0000, 0x23f3ac90, 0x23f60000)
  to   space 512K,   0% used [0x23e60000, 0x23e60000, 0x23ee0000)
 tenured generation   total 10944K, used 5454K [0x28f60000, 0x29a10000, 0x33a10000)
   the space 10944K,  49% used [0x28f60000, 0x294b3bd0, 0x294b3c00, 0x29a10000)
 compacting perm gen  total 12288K, used 8486K [0x33a10000, 0x34610000, 0x37a10000)
   the space 12288K,  69% used [0x33a10000, 0x34259ac0, 0x34259c00, 0x34610000)
    ro space 10240K,  41% used [0x37a10000, 0x37e416b0, 0x37e41800, 0x38410000)
    rw space 12288K,  52% used [0x38410000, 0x38a559f0, 0x38a55a00, 0x39010000)
Event: 9.142 GC heap after
Heap after GC invocations=12 (full 0):
 def new generation   total 4928K, used 512K [0x23a10000, 0x23f60000, 0x28f60000)
  eden space 4416K,   0% used [0x23a10000, 0x23a10000, 0x23e60000)
  from space 512K, 100% used [0x23e60000, 0x23ee0000, 0x23ee0000)
  to   space 512K,   0% used [0x23ee0000, 0x23ee0000, 0x23f60000)
 tenured generation   total 10944K, used 6628K [0x28f60000, 0x29a10000, 0x33a10000)
   the space 10944K,  60% used [0x28f60000, 0x295d9060, 0x295d9200, 0x29a10000)
 compacting perm gen  total 12288K, used 8486K [0x33a10000, 0x34610000, 0x37a10000)
   the space 12288K,  69% used [0x33a10000, 0x34259ac0, 0x34259c00, 0x34610000)
    ro space 10240K,  41% used [0x37a10000, 0x37e416b0, 0x37e41800, 0x38410000)
    rw space 12288K,  52% used [0x38410000, 0x38a559f0, 0x38a55a00, 0x39010000)
}
Event: 13.541 GC heap before
{Heap before GC invocations=12 (full 0):
 def new generation   total 4928K, used 4928K [0x23a10000, 0x23f60000, 0x28f60000)
  eden space 4416K, 100% used [0x23a10000, 0x23e60000, 0x23e60000)
  from space 512K, 100% used [0x23e60000, 0x23ee0000, 0x23ee0000)
  to   space 512K,   0% used [0x23ee0000, 0x23ee0000, 0x23f60000)
 tenured generation   total 10944K, used 6628K [0x28f60000, 0x29a10000, 0x33a10000)
   the space 10944K,  60% used [0x28f60000, 0x295d9060, 0x295d9200, 0x29a10000)
 compacting perm gen  total 12288K, used 8769K [0x33a10000, 0x34610000, 0x37a10000)
   the space 12288K,  71% used [0x33a10000, 0x342a0650, 0x342a0800, 0x34610000)
    ro space 10240K,  41% used [0x37a10000, 0x37e416b0, 0x37e41800, 0x38410000)
    rw space 12288K,  52% used [0x38410000, 0x38a559f0, 0x38a55a00, 0x39010000)
Event: 13.553 GC heap after
Heap after GC invocations=13 (full 0):
 def new generation   total 4928K, used 512K [0x23a10000, 0x23f60000, 0x28f60000)
  eden space 4416K,   0% used [0x23a10000, 0x23a10000, 0x23e60000)
  from space 512K, 100% used [0x23ee0000, 0x23f60000, 0x23f60000)
  to   space 512K,   0% used [0x23e60000, 0x23e60000, 0x23ee0000)
 tenured generation   total 10944K, used 8079K [0x28f60000, 0x29a10000, 0x33a10000)
   the space 10944K,  73% used [0x28f60000, 0x29743dd8, 0x29743e00, 0x29a10000)
 compacting perm gen  total 12288K, used 8769K [0x33a10000, 0x34610000, 0x37a10000)
   the space 12288K,  71% used [0x33a10000, 0x342a0650, 0x342a0800, 0x34610000)
    ro space 10240K,  41% used [0x37a10000, 0x37e416b0, 0x37e41800, 0x38410000)
    rw space 12288K,  52% used [0x38410000, 0x38a559f0, 0x38a55a00, 0x39010000)
}
Event: 13.711 GC heap before
{Heap before GC invocations=13 (full 0):
 def new generation   total 4928K, used 4928K [0x23a10000, 0x23f60000, 0x28f60000)
  eden space 4416K, 100% used [0x23a10000, 0x23e60000, 0x23e60000)
  from space 512K, 100% used [0x23ee0000, 0x23f60000, 0x23f60000)
  to   space 512K,   0% used [0x23e60000, 0x23e60000, 0x23ee0000)
 tenured generation   total 10944K, used 8079K [0x28f60000, 0x29a10000, 0x33a10000)
   the space 10944K,  73% used [0x28f60000, 0x29743dd8, 0x29743e00, 0x29a10000)
 compacting perm gen  total 12288K, used 8799K [0x33a10000, 0x34610000, 0x37a10000)
   the space 12288K,  71% used [0x33a10000, 0x342a7d48, 0x342a7e00, 0x34610000)
    ro space 10240K,  41% used [0x37a10000, 0x37e416b0, 0x37e41800, 0x38410000)
    rw space 12288K,  52% used [0x38410000, 0x38a559f0, 0x38a55a00, 0x39010000)
Event: 13.830 GC heap after
Heap after GC invocations=14 (full 1):
 def new generation   total 8192K, used 0K [0x23a10000, 0x242f0000, 0x28f60000)
  eden space 7296K,   0% used [0x23a10000, 0x23a10000, 0x24130000)
  from space 896K,   0% used [0x24130000, 0x24130000, 0x24210000)
  to   space 896K,   0% used [0x24210000, 0x24210000, 0x242f0000)
 tenured generation   total 18116K, used 10867K [0x28f60000, 0x2a111000, 0x33a10000)
   the space 18116K,  59% used [0x28f60000, 0x299fcf08, 0x299fd000, 0x2a111000)
 compacting perm gen  total 12288K, used 8799K [0x33a10000, 0x34610000, 0x37a10000)
   the space 12288K,  71% used [0x33a10000, 0x342a7d48, 0x342a7e00, 0x34610000)
    ro space 10240K,  41% used [0x37a10000, 0x37e416b0, 0x37e41800, 0x38410000)
    rw space 12288K,  52% used [0x38410000, 0x38a559f0, 0x38a55a00, 0x39010000)
}
Event: 24.606 GC heap before
{Heap before GC invocations=14 (full 1):
 def new generation   total 8192K, used 7296K [0x23a10000, 0x242f0000, 0x28f60000)
  eden space 7296K, 100% used [0x23a10000, 0x24130000, 0x24130000)
  from space 896K,   0% used [0x24130000, 0x24130000, 0x24210000)
  to   space 896K,   0% used [0x24210000, 0x24210000, 0x242f0000)
 tenured generation   total 18116K, used 10867K [0x28f60000, 0x2a111000, 0x33a10000)
   the space 18116K,  59% used [0x28f60000, 0x299fcf08, 0x299fd000, 0x2a111000)
 compacting perm gen  total 12288K, used 8868K [0x33a10000, 0x34610000, 0x37a10000)
   the space 12288K,  72% used [0x33a10000, 0x342b92f8, 0x342b9400, 0x34610000)
    ro space 10240K,  41% used [0x37a10000, 0x37e416b0, 0x37e41800, 0x38410000)
    rw space 12288K,  52% used [0x38410000, 0x38a559f0, 0x38a55a00, 0x39010000)
Event: 24.616 GC heap after
Heap after GC invocations=15 (full 1):
 def new generation   total 8192K, used 896K [0x23a10000, 0x242f0000, 0x28f60000)
  eden space 7296K,   0% used [0x23a10000, 0x23a10000, 0x24130000)
  from space 896K, 100% used [0x24210000, 0x242f0000, 0x242f0000)
  to   space 896K,   0% used [0x24130000, 0x24130000, 0x24210000)
 tenured generation   total 18116K, used 11453K [0x28f60000, 0x2a111000, 0x33a10000)
   the space 18116K,  63% used [0x28f60000, 0x29a8f570, 0x29a8f600, 0x2a111000)
 compacting perm gen  total 12288K, used 8868K [0x33a10000, 0x34610000, 0x37a10000)
   the space 12288K,  72% used [0x33a10000, 0x342b92f8, 0x342b9400, 0x34610000)
    ro space 10240K,  41% used [0x37a10000, 0x37e416b0, 0x37e41800, 0x38410000)
    rw space 12288K,  52% used [0x38410000, 0x38a559f0, 0x38a55a00, 0x39010000)
}

