# JRE version: Java(TM) SE Runtime Environment (7.0_40-b43) (build 1.7.0_40-b43)
# Java VM: Java HotSpot(TM) Client VM (24.0-b56 mixed mode, sharing windows-x86 )
Heap
 def new generation   total 18176K, used 7520K [0x23a10000, 0x24dc0000, 0x28f60000)
  eden space 16192K,  34% used [0x23a10000, 0x23f78078, 0x249e0000)
  from space 1984K, 100% used [0x24bd0000, 0x24dc0000, 0x24dc0000)
  to   space 1984K,   0% used [0x249e0000, 0x249e0000, 0x24bd0000)
 tenured generation   total 40224K, used 31116K [0x28f60000, 0x2b6a8000, 0x33a10000)
   the space 40224K,  77% used [0x28f60000, 0x2adc33f0, 0x2adc3400, 0x2b6a8000)
 compacting perm gen  total 12288K, used 9343K [0x33a10000, 0x34610000, 0x37a10000)
   the space 12288K,  76% used [0x33a10000, 0x3432ff38, 0x34330000, 0x34610000)
    ro space 10240K,  41% used [0x37a10000, 0x37e416b0, 0x37e41800, 0x38410000)
    rw space 12288K,  52% used [0x38410000, 0x38a559f0, 0x38a55a00, 0x39010000)
GC Heap History (10 events):
Event: 208.410 GC heap before
{Heap before GC invocations=35 (full 6):
 def new generation   total 18176K, used 16326K [0x23a10000, 0x24dc0000, 0x28f60000)
  eden space 16192K, 100% used [0x23a10000, 0x249e0000, 0x249e0000)
  from space 1984K,   6% used [0x249e0000, 0x24a018f0, 0x24bd0000)
  to   space 1984K,   0% used [0x24bd0000, 0x24bd0000, 0x24dc0000)
 tenured generation   total 40224K, used 20322K [0x28f60000, 0x2b6a8000, 0x33a10000)
   the space 40224K,  50% used [0x28f60000, 0x2a338be8, 0x2a338c00, 0x2b6a8000)
 compacting perm gen  total 12288K, used 9343K [0x33a10000, 0x34610000, 0x37a10000)
   the space 12288K,  76% used [0x33a10000, 0x3432fdf8, 0x3432fe00, 0x34610000)
    ro space 10240K,  41% used [0x37a10000, 0x37e416b0, 0x37e41800, 0x38410000)
    rw space 12288K,  52% used [0x38410000, 0x38a559f0, 0x38a55a00, 0x39010000)
Event: 208.413 GC heap after
Heap after GC invocations=36 (full 6):
 def new generation   total 18176K, used 134K [0x23a10000, 0x24dc0000, 0x28f60000)
  eden space 16192K,   0% used [0x23a10000, 0x23a10000, 0x249e0000)
  from space 1984K,   6% used [0x24bd0000, 0x24bf18f0, 0x24dc0000)
  to   space 1984K,   0% used [0x249e0000, 0x249e0000, 0x24bd0000)
 tenured generation   total 40224K, used 20322K [0x28f60000, 0x2b6a8000, 0x33a10000)
   the space 40224K,  50% used [0x28f60000, 0x2a338be8, 0x2a338c00, 0x2b6a8000)
 compacting perm gen  total 12288K, used 9343K [0x33a10000, 0x34610000, 0x37a10000)
   the space 12288K,  76% used [0x33a10000, 0x3432fdf8, 0x3432fe00, 0x34610000)
    ro space 10240K,  41% used [0x37a10000, 0x37e416b0, 0x37e41800, 0x38410000)
    rw space 12288K,  52% used [0x38410000, 0x38a559f0, 0x38a55a00, 0x39010000)
}
Event: 214.091 GC heap before
{Heap before GC invocations=36 (full 6):
 def new generation   total 18176K, used 16326K [0x23a10000, 0x24dc0000, 0x28f60000)
  eden space 16192K, 100% used [0x23a10000, 0x249e0000, 0x249e0000)
  from space 1984K,   6% used [0x24bd0000, 0x24bf18f0, 0x24dc0000)
  to   space 1984K,   0% used [0x249e0000, 0x249e0000, 0x24bd0000)
 tenured generation   total 40224K, used 20322K [0x28f60000, 0x2b6a8000, 0x33a10000)
   the space 40224K,  50% used [0x28f60000, 0x2a338be8, 0x2a338c00, 0x2b6a8000)
 compacting perm gen  total 12288K, used 9343K [0x33a10000, 0x34610000, 0x37a10000)
   the space 12288K,  76% used [0x33a10000, 0x3432fe68, 0x34330000, 0x34610000)
    ro space 10240K,  41% used [0x37a10000, 0x37e416b0, 0x37e41800, 0x38410000)
    rw space 12288K,  52% used [0x38410000, 0x38a559f0, 0x38a55a00, 0x39010000)
Event: 214.096 GC heap after
Heap after GC invocations=37 (full 6):
 def new generation   total 18176K, used 521K [0x23a10000, 0x24dc0000, 0x28f60000)
  eden space 16192K,   0% used [0x23a10000, 0x23a10000, 0x249e0000)
  from space 1984K,  26% used [0x249e0000, 0x24a62740, 0x24bd0000)
  to   space 1984K,   0% used [0x24bd0000, 0x24bd0000, 0x24dc0000)
 tenured generation   total 40224K, used 20322K [0x28f60000, 0x2b6a8000, 0x33a10000)
   the space 40224K,  50% used [0x28f60000, 0x2a338be8, 0x2a338c00, 0x2b6a8000)
 compacting perm gen  total 12288K, used 9343K [0x33a10000, 0x34610000, 0x37a10000)
   the space 12288K,  76% used [0x33a10000, 0x3432fe68, 0x34330000, 0x34610000)
    ro space 10240K,  41% used [0x37a10000, 0x37e416b0, 0x37e41800, 0x38410000)
    rw space 12288K,  52% used [0x38410000, 0x38a559f0, 0x38a55a00, 0x39010000)
}
Event: 227.275 GC heap before
{Heap before GC invocations=37 (full 6):
 def new generation   total 18176K, used 16713K [0x23a10000, 0x24dc0000, 0x28f60000)
  eden space 16192K, 100% used [0x23a10000, 0x249e0000, 0x249e0000)
  from space 1984K,  26% used [0x249e0000, 0x24a62740, 0x24bd0000)
  to   space 1984K,   0% used [0x24bd0000, 0x24bd0000, 0x24dc0000)
 tenured generation   total 40224K, used 20322K [0x28f60000, 0x2b6a8000, 0x33a10000)
   the space 40224K,  50% used [0x28f60000, 0x2a338be8, 0x2a338c00, 0x2b6a8000)
 compacting perm gen  total 12288K, used 9343K [0x33a10000, 0x34610000, 0x37a10000)
   the space 12288K,  76% used [0x33a10000, 0x3432fe88, 0x34330000, 0x34610000)
    ro space 10240K,  41% used [0x37a10000, 0x37e416b0, 0x37e41800, 0x38410000)
    rw space 12288K,  52% used [0x38410000, 0x38a559f0, 0x38a55a00, 0x39010000)
Event: 227.280 GC heap after
Heap after GC invocations=38 (full 6):
 def new generation   total 18176K, used 612K [0x23a10000, 0x24dc0000, 0x28f60000)
  eden space 16192K,   0% used [0x23a10000, 0x23a10000, 0x249e0000)
  from space 1984K,  30% used [0x24bd0000, 0x24c69080, 0x24dc0000)
  to   space 1984K,   0% used [0x249e0000, 0x249e0000, 0x24bd0000)
 tenured generation   total 40224K, used 20322K [0x28f60000, 0x2b6a8000, 0x33a10000)
   the space 40224K,  50% used [0x28f60000, 0x2a338be8, 0x2a338c00, 0x2b6a8000)
 compacting perm gen  total 12288K, used 9343K [0x33a10000, 0x34610000, 0x37a10000)
   the space 12288K,  76% used [0x33a10000, 0x3432fe88, 0x34330000, 0x34610000)
    ro space 10240K,  41% used [0x37a10000, 0x37e416b0, 0x37e41800, 0x38410000)
    rw space 12288K,  52% used [0x38410000, 0x38a559f0, 0x38a55a00, 0x39010000)
}
Event: 237.596 GC heap before
{Heap before GC invocations=38 (full 6):
 def new generation   total 18176K, used 16804K [0x23a10000, 0x24dc0000, 0x28f60000)
  eden space 16192K, 100% used [0x23a10000, 0x249e0000, 0x249e0000)
  from space 1984K,  30% used [0x24bd0000, 0x24c69080, 0x24dc0000)
  to   space 1984K,   0% used [0x249e0000, 0x249e0000, 0x24bd0000)
 tenured generation   total 40224K, used 20322K [0x28f60000, 0x2b6a8000, 0x33a10000)
   the space 40224K,  50% used [0x28f60000, 0x2a338be8, 0x2a338c00, 0x2b6a8000)
 compacting perm gen  total 12288K, used 9343K [0x33a10000, 0x34610000, 0x37a10000)
   the space 12288K,  76% used [0x33a10000, 0x3432ff18, 0x34330000, 0x34610000)
    ro space 10240K,  41% used [0x37a10000, 0x37e416b0, 0x37e41800, 0x38410000)
    rw space 12288K,  52% used [0x38410000, 0x38a559f0, 0x38a55a00, 0x39010000)
Event: 237.621 GC heap after
Heap after GC invocations=39 (full 6):
 def new generation   total 18176K, used 1984K [0x23a10000, 0x24dc0000, 0x28f60000)
  eden space 16192K,   0% used [0x23a10000, 0x23a10000, 0x249e0000)
  from space 1984K, 100% used [0x249e0000, 0x24bd0000, 0x24bd0000)
  to   space 1984K,   0% used [0x24bd0000, 0x24bd0000, 0x24dc0000)
 tenured generation   total 40224K, used 23496K [0x28f60000, 0x2b6a8000, 0x33a10000)
   the space 40224K,  58% used [0x28f60000, 0x2a652068, 0x2a652200, 0x2b6a8000)
 compacting perm gen  total 12288K, used 9343K [0x33a10000, 0x34610000, 0x37a10000)
   the space 12288K,  76% used [0x33a10000, 0x3432ff18, 0x34330000, 0x34610000)
    ro space 10240K,  41% used [0x37a10000, 0x37e416b0, 0x37e41800, 0x38410000)
    rw space 12288K,  52% used [0x38410000, 0x38a559f0, 0x38a55a00, 0x39010000)
}
Event: 673.371 GC heap before
{Heap before GC invocations=39 (full 6):
 def new generation   total 18176K, used 18176K [0x23a10000, 0x24dc0000, 0x28f60000)
  eden space 16192K, 100% used [0x23a10000, 0x249e0000, 0x249e0000)
  from space 1984K, 100% used [0x249e0000, 0x24bd0000, 0x24bd0000)
  to   space 1984K,   0% used [0x24bd0000, 0x24bd0000, 0x24dc0000)
 tenured generation   total 40224K, used 23496K [0x28f60000, 0x2b6a8000, 0x33a10000)
   the space 40224K,  58% used [0x28f60000, 0x2a652068, 0x2a652200, 0x2b6a8000)
 compacting perm gen  total 12288K, used 9343K [0x33a10000, 0x34610000, 0x37a10000)
   the space 12288K,  76% used [0x33a10000, 0x3432ff38, 0x34330000, 0x34610000)
    ro space 10240K,  41% used [0x37a10000, 0x37e416b0, 0x37e41800, 0x38410000)
    rw space 12288K,  52% used [0x38410000, 0x38a559f0, 0x38a55a00, 0x39010000)
Event: 673.426 GC heap after
Heap after GC invocations=40 (full 6):
 def new generation   total 18176K, used 1984K [0x23a10000, 0x24dc0000, 0x28f60000)
  eden space 16192K,   0% used [0x23a10000, 0x23a10000, 0x249e0000)
  from space 1984K, 100% used [0x24bd0000, 0x24dc0000, 0x24dc0000)
  to   space 1984K,   0% used [0x249e0000, 0x249e0000, 0x24bd0000)
 tenured generation   total 40224K, used 31116K [0x28f60000, 0x2b6a8000, 0x33a10000)
   the space 40224K,  77% used [0x28f60000, 0x2adc33f0, 0x2adc3400, 0x2b6a8000)
 compacting perm gen  total 12288K, used 9343K [0x33a10000, 0x34610000, 0x37a10000)
   the space 12288K,  76% used [0x33a10000, 0x3432ff38, 0x34330000, 0x34610000)
    ro space 10240K,  41% used [0x37a10000, 0x37e416b0, 0x37e41800, 0x38410000)
    rw space 12288K,  52% used [0x38410000, 0x38a559f0, 0x38a55a00, 0x39010000)
}

