# JRE version: Java(TM) SE Runtime Environment (7.0_40-b43) (build 1.7.0_40-b43)
# Java VM: Java HotSpot(TM) Client VM (24.0-b56 mixed mode, sharing windows-x86 )
Heap
 def new generation   total 16128K, used 5282K [0x23a10000, 0x24b80000, 0x28f60000)
  eden space 14400K,  36% used [0x23a10000, 0x23f38b48, 0x24820000)
  from space 1728K,   0% used [0x24820000, 0x24820000, 0x249d0000)
  to   space 1728K,   0% used [0x249d0000, 0x249d0000, 0x24b80000)
 tenured generation   total 35564K, used 21337K [0x28f60000, 0x2b21b000, 0x33a10000)
   the space 35564K,  59% used [0x28f60000, 0x2a436518, 0x2a436600, 0x2b21b000)
 compacting perm gen  total 12288K, used 9475K [0x33a10000, 0x34610000, 0x37a10000)
   the space 12288K,  77% used [0x33a10000, 0x34350c50, 0x34350e00, 0x34610000)
    ro space 10240K,  41% used [0x37a10000, 0x37e416b0, 0x37e41800, 0x38410000)
    rw space 12288K,  52% used [0x38410000, 0x38a559f0, 0x38a55a00, 0x39010000)
GC Heap History (10 events):
Event: 7.989 GC heap before
{Heap before GC invocations=16 (full 0):
 def new generation   total 4928K, used 4928K [0x23a10000, 0x23f60000, 0x28f60000)
  eden space 4416K, 100% used [0x23a10000, 0x23e60000, 0x23e60000)
  from space 512K, 100% used [0x23e60000, 0x23ee0000, 0x23ee0000)
  to   space 512K,   0% used [0x23ee0000, 0x23ee0000, 0x23f60000)
 tenured generation   total 10944K, used 8786K [0x28f60000, 0x29a10000, 0x33a10000)
   the space 10944K,  80% used [0x28f60000, 0x297f4860, 0x297f4a00, 0x29a10000)
 compacting perm gen  total 12288K, used 8770K [0x33a10000, 0x34610000, 0x37a10000)
   the space 12288K,  71% used [0x33a10000, 0x342a0be0, 0x342a0c00, 0x34610000)
    ro space 10240K,  41% used [0x37a10000, 0x37e416b0, 0x37e41800, 0x38410000)
    rw space 12288K,  52% used [0x38410000, 0x38a559f0, 0x38a55a00, 0x39010000)
Event: 8.100 GC heap after
Heap after GC invocations=17 (full 1):
 def new generation   total 8384K, used 268K [0x23a10000, 0x24320000, 0x28f60000)
  eden space 7488K,   3% used [0x23a10000, 0x23a530f0, 0x24160000)
  from space 896K,   0% used [0x24160000, 0x24160000, 0x24240000)
  to   space 896K,   0% used [0x24240000, 0x24240000, 0x24320000)
 tenured generation   total 18456K, used 11071K [0x28f60000, 0x2a166000, 0x33a10000)
   the space 18456K,  59% used [0x28f60000, 0x29a2ff98, 0x29a30000, 0x2a166000)
 compacting perm gen  total 12288K, used 8770K [0x33a10000, 0x34610000, 0x37a10000)
   the space 12288K,  71% used [0x33a10000, 0x342a0be0, 0x342a0c00, 0x34610000)
    ro space 10240K,  41% used [0x37a10000, 0x37e416b0, 0x37e41800, 0x38410000)
    rw space 12288K,  52% used [0x38410000, 0x38a559f0, 0x38a55a00, 0x39010000)
}
Event: 19.499 GC heap before
{Heap before GC invocations=17 (full 1):
 def new generation   total 8384K, used 7488K [0x23a10000, 0x24320000, 0x28f60000)
  eden space 7488K, 100% used [0x23a10000, 0x24160000, 0x24160000)
  from space 896K,   0% used [0x24160000, 0x24160000, 0x24240000)
  to   space 896K,   0% used [0x24240000, 0x24240000, 0x24320000)
 tenured generation   total 18456K, used 11071K [0x28f60000, 0x2a166000, 0x33a10000)
   the space 18456K,  59% used [0x28f60000, 0x29a2ff98, 0x29a30000, 0x2a166000)
 compacting perm gen  total 12288K, used 8893K [0x33a10000, 0x34610000, 0x37a10000)
   the space 12288K,  72% used [0x33a10000, 0x342bf7a8, 0x342bf800, 0x34610000)
    ro space 10240K,  41% used [0x37a10000, 0x37e416b0, 0x37e41800, 0x38410000)
    rw space 12288K,  52% used [0x38410000, 0x38a559f0, 0x38a55a00, 0x39010000)
Event: 19.524 GC heap after
Heap after GC invocations=18 (full 1):
 def new generation   total 8384K, used 896K [0x23a10000, 0x24320000, 0x28f60000)
  eden space 7488K,   0% used [0x23a10000, 0x23a10000, 0x24160000)
  from space 896K, 100% used [0x24240000, 0x24320000, 0x24320000)
  to   space 896K,   0% used [0x24160000, 0x24160000, 0x24240000)
 tenured generation   total 18456K, used 11672K [0x28f60000, 0x2a166000, 0x33a10000)
   the space 18456K,  63% used [0x28f60000, 0x29ac62e8, 0x29ac6400, 0x2a166000)
 compacting perm gen  total 12288K, used 8893K [0x33a10000, 0x34610000, 0x37a10000)
   the space 12288K,  72% used [0x33a10000, 0x342bf7a8, 0x342bf800, 0x34610000)
    ro space 10240K,  41% used [0x37a10000, 0x37e416b0, 0x37e41800, 0x38410000)
    rw space 12288K,  52% used [0x38410000, 0x38a559f0, 0x38a55a00, 0x39010000)
}
Event: 24.429 GC heap before
{Heap before GC invocations=18 (full 1):
 def new generation   total 8384K, used 8384K [0x23a10000, 0x24320000, 0x28f60000)
  eden space 7488K, 100% used [0x23a10000, 0x24160000, 0x24160000)
  from space 896K, 100% used [0x24240000, 0x24320000, 0x24320000)
  to   space 896K,   0% used [0x24160000, 0x24160000, 0x24240000)
 tenured generation   total 18456K, used 11672K [0x28f60000, 0x2a166000, 0x33a10000)
   the space 18456K,  63% used [0x28f60000, 0x29ac62e8, 0x29ac6400, 0x2a166000)
 compacting perm gen  total 12288K, used 9009K [0x33a10000, 0x34610000, 0x37a10000)
   the space 12288K,  73% used [0x33a10000, 0x342dc690, 0x342dc800, 0x34610000)
    ro space 10240K,  41% used [0x37a10000, 0x37e416b0, 0x37e41800, 0x38410000)
    rw space 12288K,  52% used [0x38410000, 0x38a559f0, 0x38a55a00, 0x39010000)
Event: 24.455 GC heap after
Heap after GC invocations=19 (full 1):
 def new generation   total 8384K, used 896K [0x23a10000, 0x24320000, 0x28f60000)
  eden space 7488K,   0% used [0x23a10000, 0x23a10000, 0x24160000)
  from space 896K, 100% used [0x24160000, 0x24240000, 0x24240000)
  to   space 896K,   0% used [0x24240000, 0x24240000, 0x24320000)
 tenured generation   total 18456K, used 15056K [0x28f60000, 0x2a166000, 0x33a10000)
   the space 18456K,  81% used [0x28f60000, 0x29e14240, 0x29e14400, 0x2a166000)
 compacting perm gen  total 12288K, used 9009K [0x33a10000, 0x34610000, 0x37a10000)
   the space 12288K,  73% used [0x33a10000, 0x342dc690, 0x342dc800, 0x34610000)
    ro space 10240K,  41% used [0x37a10000, 0x37e416b0, 0x37e41800, 0x38410000)
    rw space 12288K,  52% used [0x38410000, 0x38a559f0, 0x38a55a00, 0x39010000)
}
Event: 27.836 GC heap before
{Heap before GC invocations=19 (full 1):
 def new generation   total 8384K, used 8384K [0x23a10000, 0x24320000, 0x28f60000)
  eden space 7488K, 100% used [0x23a10000, 0x24160000, 0x24160000)
  from space 896K, 100% used [0x24160000, 0x24240000, 0x24240000)
  to   space 896K,   0% used [0x24240000, 0x24240000, 0x24320000)
 tenured generation   total 18456K, used 15056K [0x28f60000, 0x2a166000, 0x33a10000)
   the space 18456K,  81% used [0x28f60000, 0x29e14240, 0x29e14400, 0x2a166000)
 compacting perm gen  total 12288K, used 9402K [0x33a10000, 0x34610000, 0x37a10000)
   the space 12288K,  76% used [0x33a10000, 0x3433e840, 0x3433ea00, 0x34610000)
    ro space 10240K,  41% used [0x37a10000, 0x37e416b0, 0x37e41800, 0x38410000)
    rw space 12288K,  52% used [0x38410000, 0x38a559f0, 0x38a55a00, 0x39010000)
Event: 27.859 GC heap after
Heap after GC invocations=20 (full 1):
 def new generation   total 8384K, used 896K [0x23a10000, 0x24320000, 0x28f60000)
  eden space 7488K,   0% used [0x23a10000, 0x23a10000, 0x24160000)
  from space 896K, 100% used [0x24240000, 0x24320000, 0x24320000)
  to   space 896K,   0% used [0x24160000, 0x24160000, 0x24240000)
 tenured generation   total 18456K, used 18293K [0x28f60000, 0x2a166000, 0x33a10000)
   the space 18456K,  99% used [0x28f60000, 0x2a13d658, 0x2a13d800, 0x2a166000)
 compacting perm gen  total 12288K, used 9402K [0x33a10000, 0x34610000, 0x37a10000)
   the space 12288K,  76% used [0x33a10000, 0x3433e840, 0x3433ea00, 0x34610000)
    ro space 10240K,  41% used [0x37a10000, 0x37e416b0, 0x37e41800, 0x38410000)
    rw space 12288K,  52% used [0x38410000, 0x38a559f0, 0x38a55a00, 0x39010000)
}
Event: 30.315 GC heap before
{Heap before GC invocations=20 (full 1):
 def new generation   total 8384K, used 8384K [0x23a10000, 0x24320000, 0x28f60000)
  eden space 7488K, 100% used [0x23a10000, 0x24160000, 0x24160000)
  from space 896K, 100% used [0x24240000, 0x24320000, 0x24320000)
  to   space 896K,   0% used [0x24160000, 0x24160000, 0x24240000)
 tenured generation   total 18456K, used 18293K [0x28f60000, 0x2a166000, 0x33a10000)
   the space 18456K,  99% used [0x28f60000, 0x2a13d658, 0x2a13d800, 0x2a166000)
 compacting perm gen  total 12288K, used 9474K [0x33a10000, 0x34610000, 0x37a10000)
   the space 12288K,  77% used [0x33a10000, 0x34350bd0, 0x34350c00, 0x34610000)
    ro space 10240K,  41% used [0x37a10000, 0x37e416b0, 0x37e41800, 0x38410000)
    rw space 12288K,  52% used [0x38410000, 0x38a559f0, 0x38a55a00, 0x39010000)
Event: 30.497 GC heap after
Heap after GC invocations=21 (full 2):
 def new generation   total 16128K, used 0K [0x23a10000, 0x24b80000, 0x28f60000)
  eden space 14400K,   0% used [0x23a10000, 0x23a10000, 0x24820000)
  from space 1728K,   0% used [0x24820000, 0x24820000, 0x249d0000)
  to   space 1728K,   0% used [0x249d0000, 0x249d0000, 0x24b80000)
 tenured generation   total 35564K, used 21337K [0x28f60000, 0x2b21b000, 0x33a10000)
   the space 35564K,  59% used [0x28f60000, 0x2a436518, 0x2a436600, 0x2b21b000)
 compacting perm gen  total 12288K, used 9474K [0x33a10000, 0x34610000, 0x37a10000)
   the space 12288K,  77% used [0x33a10000, 0x34350bd0, 0x34350c00, 0x34610000)
    ro space 10240K,  41% used [0x37a10000, 0x37e416b0, 0x37e41800, 0x38410000)
    rw space 12288K,  52% used [0x38410000, 0x38a559f0, 0x38a55a00, 0x39010000)
}

