# JRE version: Java(TM) SE Runtime Environment (7.0_40-b43) (build 1.7.0_40-b43)
# Java VM: Java HotSpot(TM) Client VM (24.0-b56 mixed mode, sharing windows-x86 )
Heap
 def new generation   total 8064K, used 5723K [0x23a10000, 0x242c0000, 0x28f60000)
  eden space 7232K,  67% used [0x23a10000, 0x23ed6f18, 0x24120000)
  from space 832K, 100% used [0x241f0000, 0x242c0000, 0x242c0000)
  to   space 832K,   0% used [0x24120000, 0x24120000, 0x241f0000)
 tenured generation   total 17764K, used 13000K [0x28f60000, 0x2a0b9000, 0x33a10000)
   the space 17764K,  73% used [0x28f60000, 0x29c12250, 0x29c12400, 0x2a0b9000)
 compacting perm gen  total 12288K, used 8869K [0x33a10000, 0x34610000, 0x37a10000)
   the space 12288K,  72% used [0x33a10000, 0x342b97b0, 0x342b9800, 0x34610000)
    ro space 10240K,  41% used [0x37a10000, 0x37e416b0, 0x37e41800, 0x38410000)
    rw space 12288K,  52% used [0x38410000, 0x38a559f0, 0x38a55a00, 0x39010000)
GC Heap History (10 events):
Event: 5.577 GC heap before
{Heap before GC invocations=10 (full 0):
 def new generation   total 4928K, used 4760K [0x23a10000, 0x23f60000, 0x28f60000)
  eden space 4416K, 100% used [0x23a10000, 0x23e60000, 0x23e60000)
  from space 512K,  67% used [0x23e60000, 0x23eb6170, 0x23ee0000)
  to   space 512K,   0% used [0x23ee0000, 0x23ee0000, 0x23f60000)
 tenured generation   total 10944K, used 5307K [0x28f60000, 0x29a10000, 0x33a10000)
   the space 10944K,  48% used [0x28f60000, 0x2948ed30, 0x2948ee00, 0x29a10000)
 compacting perm gen  total 12288K, used 8172K [0x33a10000, 0x34610000, 0x37a10000)
   the space 12288K,  66% used [0x33a10000, 0x3420b258, 0x3420b400, 0x34610000)
    ro space 10240K,  41% used [0x37a10000, 0x37e416b0, 0x37e41800, 0x38410000)
    rw space 12288K,  52% used [0x38410000, 0x38a559f0, 0x38a55a00, 0x39010000)
Event: 5.582 GC heap after
Heap after GC invocations=11 (full 0):
 def new generation   total 4928K, used 365K [0x23a10000, 0x23f60000, 0x28f60000)
  eden space 4416K,   0% used [0x23a10000, 0x23a10000, 0x23e60000)
  from space 512K,  71% used [0x23ee0000, 0x23f3b570, 0x23f60000)
  to   space 512K,   0% used [0x23e60000, 0x23e60000, 0x23ee0000)
 tenured generation   total 10944K, used 5451K [0x28f60000, 0x29a10000, 0x33a10000)
   the space 10944K,  49% used [0x28f60000, 0x294b2c00, 0x294b2c00, 0x29a10000)
 compacting perm gen  total 12288K, used 8172K [0x33a10000, 0x34610000, 0x37a10000)
   the space 12288K,  66% used [0x33a10000, 0x3420b258, 0x3420b400, 0x34610000)
    ro space 10240K,  41% used [0x37a10000, 0x37e416b0, 0x37e41800, 0x38410000)
    rw space 12288K,  52% used [0x38410000, 0x38a559f0, 0x38a55a00, 0x39010000)
}
Event: 7.819 GC heap before
{Heap before GC invocations=11 (full 0):
 def new generation   total 4928K, used 4781K [0x23a10000, 0x23f60000, 0x28f60000)
  eden space 4416K, 100% used [0x23a10000, 0x23e60000, 0x23e60000)
  from space 512K,  71% used [0x23ee0000, 0x23f3b570, 0x23f60000)
  to   space 512K,   0% used [0x23e60000, 0x23e60000, 0x23ee0000)
 tenured generation   total 10944K, used 5451K [0x28f60000, 0x29a10000, 0x33a10000)
   the space 10944K,  49% used [0x28f60000, 0x294b2c00, 0x294b2c00, 0x29a10000)
 compacting perm gen  total 12288K, used 8486K [0x33a10000, 0x34610000, 0x37a10000)
   the space 12288K,  69% used [0x33a10000, 0x34259948, 0x34259a00, 0x34610000)
    ro space 10240K,  41% used [0x37a10000, 0x37e416b0, 0x37e41800, 0x38410000)
    rw space 12288K,  52% used [0x38410000, 0x38a559f0, 0x38a55a00, 0x39010000)
Event: 7.829 GC heap after
Heap after GC invocations=12 (full 0):
 def new generation   total 4928K, used 512K [0x23a10000, 0x23f60000, 0x28f60000)
  eden space 4416K,   0% used [0x23a10000, 0x23a10000, 0x23e60000)
  from space 512K, 100% used [0x23e60000, 0x23ee0000, 0x23ee0000)
  to   space 512K,   0% used [0x23ee0000, 0x23ee0000, 0x23f60000)
 tenured generation   total 10944K, used 6645K [0x28f60000, 0x29a10000, 0x33a10000)
   the space 10944K,  60% used [0x28f60000, 0x295dd480, 0x295dd600, 0x29a10000)
 compacting perm gen  total 12288K, used 8486K [0x33a10000, 0x34610000, 0x37a10000)
   the space 12288K,  69% used [0x33a10000, 0x34259948, 0x34259a00, 0x34610000)
    ro space 10240K,  41% used [0x37a10000, 0x37e416b0, 0x37e41800, 0x38410000)
    rw space 12288K,  52% used [0x38410000, 0x38a559f0, 0x38a55a00, 0x39010000)
}
Event: 17.293 GC heap before
{Heap before GC invocations=12 (full 0):
 def new generation   total 4928K, used 4928K [0x23a10000, 0x23f60000, 0x28f60000)
  eden space 4416K, 100% used [0x23a10000, 0x23e60000, 0x23e60000)
  from space 512K, 100% used [0x23e60000, 0x23ee0000, 0x23ee0000)
  to   space 512K,   0% used [0x23ee0000, 0x23ee0000, 0x23f60000)
 tenured generation   total 10944K, used 6645K [0x28f60000, 0x29a10000, 0x33a10000)
   the space 10944K,  60% used [0x28f60000, 0x295dd480, 0x295dd600, 0x29a10000)
 compacting perm gen  total 12288K, used 8749K [0x33a10000, 0x34610000, 0x37a10000)
   the space 12288K,  71% used [0x33a10000, 0x3429b7e8, 0x3429b800, 0x34610000)
    ro space 10240K,  41% used [0x37a10000, 0x37e416b0, 0x37e41800, 0x38410000)
    rw space 12288K,  52% used [0x38410000, 0x38a559f0, 0x38a55a00, 0x39010000)
Event: 17.305 GC heap after
Heap after GC invocations=13 (full 0):
 def new generation   total 4928K, used 512K [0x23a10000, 0x23f60000, 0x28f60000)
  eden space 4416K,   0% used [0x23a10000, 0x23a10000, 0x23e60000)
  from space 512K, 100% used [0x23ee0000, 0x23f60000, 0x23f60000)
  to   space 512K,   0% used [0x23e60000, 0x23e60000, 0x23ee0000)
 tenured generation   total 10944K, used 7982K [0x28f60000, 0x29a10000, 0x33a10000)
   the space 10944K,  72% used [0x28f60000, 0x2972bb00, 0x2972bc00, 0x29a10000)
 compacting perm gen  total 12288K, used 8749K [0x33a10000, 0x34610000, 0x37a10000)
   the space 12288K,  71% used [0x33a10000, 0x3429b7e8, 0x3429b800, 0x34610000)
    ro space 10240K,  41% used [0x37a10000, 0x37e416b0, 0x37e41800, 0x38410000)
    rw space 12288K,  52% used [0x38410000, 0x38a559f0, 0x38a55a00, 0x39010000)
}
Event: 17.472 GC heap before
{Heap before GC invocations=13 (full 0):
 def new generation   total 4928K, used 4928K [0x23a10000, 0x23f60000, 0x28f60000)
  eden space 4416K, 100% used [0x23a10000, 0x23e60000, 0x23e60000)
  from space 512K, 100% used [0x23ee0000, 0x23f60000, 0x23f60000)
  to   space 512K,   0% used [0x23e60000, 0x23e60000, 0x23ee0000)
 tenured generation   total 10944K, used 7982K [0x28f60000, 0x29a10000, 0x33a10000)
   the space 10944K,  72% used [0x28f60000, 0x2972bb00, 0x2972bc00, 0x29a10000)
 compacting perm gen  total 12288K, used 8779K [0x33a10000, 0x34610000, 0x37a10000)
   the space 12288K,  71% used [0x33a10000, 0x342a2ed0, 0x342a3000, 0x34610000)
    ro space 10240K,  41% used [0x37a10000, 0x37e416b0, 0x37e41800, 0x38410000)
    rw space 12288K,  52% used [0x38410000, 0x38a559f0, 0x38a55a00, 0x39010000)
Event: 17.584 GC heap after
Heap after GC invocations=14 (full 1):
 def new generation   total 8064K, used 0K [0x23a10000, 0x242c0000, 0x28f60000)
  eden space 7232K,   0% used [0x23a10000, 0x23a10000, 0x24120000)
  from space 832K,   0% used [0x24120000, 0x24120000, 0x241f0000)
  to   space 832K,   0% used [0x241f0000, 0x241f0000, 0x242c0000)
 tenured generation   total 17764K, used 10657K [0x28f60000, 0x2a0b9000, 0x33a10000)
   the space 17764K,  59% used [0x28f60000, 0x299c84a0, 0x299c8600, 0x2a0b9000)
 compacting perm gen  total 12288K, used 8779K [0x33a10000, 0x34610000, 0x37a10000)
   the space 12288K,  71% used [0x33a10000, 0x342a2ed0, 0x342a3000, 0x34610000)
    ro space 10240K,  41% used [0x37a10000, 0x37e416b0, 0x37e41800, 0x38410000)
    rw space 12288K,  52% used [0x38410000, 0x38a559f0, 0x38a55a00, 0x39010000)
}
Event: 46.337 GC heap before
{Heap before GC invocations=14 (full 1):
 def new generation   total 8064K, used 7232K [0x23a10000, 0x242c0000, 0x28f60000)
  eden space 7232K, 100% used [0x23a10000, 0x24120000, 0x24120000)
  from space 832K,   0% used [0x24120000, 0x24120000, 0x241f0000)
  to   space 832K,   0% used [0x241f0000, 0x241f0000, 0x242c0000)
 tenured generation   total 17764K, used 10657K [0x28f60000, 0x2a0b9000, 0x33a10000)
   the space 17764K,  59% used [0x28f60000, 0x299c84a0, 0x299c8600, 0x2a0b9000)
 compacting perm gen  total 12288K, used 8867K [0x33a10000, 0x34610000, 0x37a10000)
   the space 12288K,  72% used [0x33a10000, 0x342b8d00, 0x342b8e00, 0x34610000)
    ro space 10240K,  41% used [0x37a10000, 0x37e416b0, 0x37e41800, 0x38410000)
    rw space 12288K,  52% used [0x38410000, 0x38a559f0, 0x38a55a00, 0x39010000)
Event: 46.356 GC heap after
Heap after GC invocations=15 (full 1):
 def new generation   total 8064K, used 832K [0x23a10000, 0x242c0000, 0x28f60000)
  eden space 7232K,   0% used [0x23a10000, 0x23a10000, 0x24120000)
  from space 832K, 100% used [0x241f0000, 0x242c0000, 0x242c0000)
  to   space 832K,   0% used [0x24120000, 0x24120000, 0x241f0000)
 tenured generation   total 17764K, used 13000K [0x28f60000, 0x2a0b9000, 0x33a10000)
   the space 17764K,  73% used [0x28f60000, 0x29c12250, 0x29c12400, 0x2a0b9000)
 compacting perm gen  total 12288K, used 8867K [0x33a10000, 0x34610000, 0x37a10000)
   the space 12288K,  72% used [0x33a10000, 0x342b8d00, 0x342b8e00, 0x34610000)
    ro space 10240K,  41% used [0x37a10000, 0x37e416b0, 0x37e41800, 0x38410000)
    rw space 12288K,  52% used [0x38410000, 0x38a559f0, 0x38a55a00, 0x39010000)
}

