# JRE version: Java(TM) SE Runtime Environment (7.0_40-b43) (build 1.7.0_40-b43)
# Java VM: Java HotSpot(TM) Client VM (24.0-b56 mixed mode, sharing windows-x86 )
Heap
 def new generation   total 8256K, used 4875K [0x23a10000, 0x24300000, 0x28f60000)
  eden space 7360K,  66% used [0x23a10000, 0x23ed2ca0, 0x24140000)
  from space 896K,   0% used [0x24140000, 0x24140000, 0x24220000)
  to   space 896K,   0% used [0x24220000, 0x24220000, 0x24300000)
 tenured generation   total 18208K, used 10924K [0x28f60000, 0x2a128000, 0x33a10000)
   the space 18208K,  59% used [0x28f60000, 0x29a0b080, 0x29a0b200, 0x2a128000)
 compacting perm gen  total 12288K, used 8868K [0x33a10000, 0x34610000, 0x37a10000)
   the space 12288K,  72% used [0x33a10000, 0x342b9298, 0x342b9400, 0x34610000)
    ro space 10240K,  41% used [0x37a10000, 0x37e416b0, 0x37e41800, 0x38410000)
    rw space 12288K,  52% used [0x38410000, 0x38a559f0, 0x38a55a00, 0x39010000)
GC Heap History (10 events):
Event: 4.439 GC heap before
{Heap before GC invocations=9 (full 0):
 def new generation   total 4928K, used 4928K [0x23a10000, 0x23f60000, 0x28f60000)
  eden space 4416K, 100% used [0x23a10000, 0x23e60000, 0x23e60000)
  from space 512K, 100% used [0x23ee0000, 0x23f60000, 0x23f60000)
  to   space 512K,   0% used [0x23e60000, 0x23e60000, 0x23ee0000)
 tenured generation   total 10944K, used 4810K [0x28f60000, 0x29a10000, 0x33a10000)
   the space 10944K,  43% used [0x28f60000, 0x29412848, 0x29412a00, 0x29a10000)
 compacting perm gen  total 12288K, used 7827K [0x33a10000, 0x34610000, 0x37a10000)
   the space 12288K,  63% used [0x33a10000, 0x341b4f98, 0x341b5000, 0x34610000)
    ro space 10240K,  41% used [0x37a10000, 0x37e416b0, 0x37e41800, 0x38410000)
    rw space 12288K,  52% used [0x38410000, 0x38a559f0, 0x38a55a00, 0x39010000)
Event: 4.444 GC heap after
Heap after GC invocations=10 (full 0):
 def new generation   total 4928K, used 294K [0x23a10000, 0x23f60000, 0x28f60000)
  eden space 4416K,   0% used [0x23a10000, 0x23a10000, 0x23e60000)
  from space 512K,  57% used [0x23e60000, 0x23ea9a20, 0x23ee0000)
  to   space 512K,   0% used [0x23ee0000, 0x23ee0000, 0x23f60000)
 tenured generation   total 10944K, used 5318K [0x28f60000, 0x29a10000, 0x33a10000)
   the space 10944K,  48% used [0x28f60000, 0x29491b50, 0x29491c00, 0x29a10000)
 compacting perm gen  total 12288K, used 7827K [0x33a10000, 0x34610000, 0x37a10000)
   the space 12288K,  63% used [0x33a10000, 0x341b4f98, 0x341b5000, 0x34610000)
    ro space 10240K,  41% used [0x37a10000, 0x37e416b0, 0x37e41800, 0x38410000)
    rw space 12288K,  52% used [0x38410000, 0x38a559f0, 0x38a55a00, 0x39010000)
}
Event: 4.571 GC heap before
{Heap before GC invocations=10 (full 0):
 def new generation   total 4928K, used 4710K [0x23a10000, 0x23f60000, 0x28f60000)
  eden space 4416K, 100% used [0x23a10000, 0x23e60000, 0x23e60000)
  from space 512K,  57% used [0x23e60000, 0x23ea9a20, 0x23ee0000)
  to   space 512K,   0% used [0x23ee0000, 0x23ee0000, 0x23f60000)
 tenured generation   total 10944K, used 5318K [0x28f60000, 0x29a10000, 0x33a10000)
   the space 10944K,  48% used [0x28f60000, 0x29491b50, 0x29491c00, 0x29a10000)
 compacting perm gen  total 12288K, used 8176K [0x33a10000, 0x34610000, 0x37a10000)
   the space 12288K,  66% used [0x33a10000, 0x3420c250, 0x3420c400, 0x34610000)
    ro space 10240K,  41% used [0x37a10000, 0x37e416b0, 0x37e41800, 0x38410000)
    rw space 12288K,  52% used [0x38410000, 0x38a559f0, 0x38a55a00, 0x39010000)
Event: 4.575 GC heap after
Heap after GC invocations=11 (full 0):
 def new generation   total 4928K, used 383K [0x23a10000, 0x23f60000, 0x28f60000)
  eden space 4416K,   0% used [0x23a10000, 0x23a10000, 0x23e60000)
  from space 512K,  74% used [0x23ee0000, 0x23f3fff8, 0x23f60000)
  to   space 512K,   0% used [0x23e60000, 0x23e60000, 0x23ee0000)
 tenured generation   total 10944K, used 5462K [0x28f60000, 0x29a10000, 0x33a10000)
   the space 10944K,  49% used [0x28f60000, 0x294b5a08, 0x294b5c00, 0x29a10000)
 compacting perm gen  total 12288K, used 8176K [0x33a10000, 0x34610000, 0x37a10000)
   the space 12288K,  66% used [0x33a10000, 0x3420c250, 0x3420c400, 0x34610000)
    ro space 10240K,  41% used [0x37a10000, 0x37e416b0, 0x37e41800, 0x38410000)
    rw space 12288K,  52% used [0x38410000, 0x38a559f0, 0x38a55a00, 0x39010000)
}
Event: 6.600 GC heap before
{Heap before GC invocations=11 (full 0):
 def new generation   total 4928K, used 4799K [0x23a10000, 0x23f60000, 0x28f60000)
  eden space 4416K, 100% used [0x23a10000, 0x23e60000, 0x23e60000)
  from space 512K,  74% used [0x23ee0000, 0x23f3fff8, 0x23f60000)
  to   space 512K,   0% used [0x23e60000, 0x23e60000, 0x23ee0000)
 tenured generation   total 10944K, used 5462K [0x28f60000, 0x29a10000, 0x33a10000)
   the space 10944K,  49% used [0x28f60000, 0x294b5a08, 0x294b5c00, 0x29a10000)
 compacting perm gen  total 12288K, used 8484K [0x33a10000, 0x34610000, 0x37a10000)
   the space 12288K,  69% used [0x33a10000, 0x34259318, 0x34259400, 0x34610000)
    ro space 10240K,  41% used [0x37a10000, 0x37e416b0, 0x37e41800, 0x38410000)
    rw space 12288K,  52% used [0x38410000, 0x38a559f0, 0x38a55a00, 0x39010000)
Event: 6.610 GC heap after
Heap after GC invocations=12 (full 0):
 def new generation   total 4928K, used 512K [0x23a10000, 0x23f60000, 0x28f60000)
  eden space 4416K,   0% used [0x23a10000, 0x23a10000, 0x23e60000)
  from space 512K, 100% used [0x23e60000, 0x23ee0000, 0x23ee0000)
  to   space 512K,   0% used [0x23ee0000, 0x23ee0000, 0x23f60000)
 tenured generation   total 10944K, used 6685K [0x28f60000, 0x29a10000, 0x33a10000)
   the space 10944K,  61% used [0x28f60000, 0x295e7728, 0x295e7800, 0x29a10000)
 compacting perm gen  total 12288K, used 8484K [0x33a10000, 0x34610000, 0x37a10000)
   the space 12288K,  69% used [0x33a10000, 0x34259318, 0x34259400, 0x34610000)
    ro space 10240K,  41% used [0x37a10000, 0x37e416b0, 0x37e41800, 0x38410000)
    rw space 12288K,  52% used [0x38410000, 0x38a559f0, 0x38a55a00, 0x39010000)
}
Event: 13.641 GC heap before
{Heap before GC invocations=12 (full 0):
 def new generation   total 4928K, used 4928K [0x23a10000, 0x23f60000, 0x28f60000)
  eden space 4416K, 100% used [0x23a10000, 0x23e60000, 0x23e60000)
  from space 512K, 100% used [0x23e60000, 0x23ee0000, 0x23ee0000)
  to   space 512K,   0% used [0x23ee0000, 0x23ee0000, 0x23f60000)
 tenured generation   total 10944K, used 6685K [0x28f60000, 0x29a10000, 0x33a10000)
   the space 10944K,  61% used [0x28f60000, 0x295e7728, 0x295e7800, 0x29a10000)
 compacting perm gen  total 12288K, used 8769K [0x33a10000, 0x34610000, 0x37a10000)
   the space 12288K,  71% used [0x33a10000, 0x342a0690, 0x342a0800, 0x34610000)
    ro space 10240K,  41% used [0x37a10000, 0x37e416b0, 0x37e41800, 0x38410000)
    rw space 12288K,  52% used [0x38410000, 0x38a559f0, 0x38a55a00, 0x39010000)
Event: 13.653 GC heap after
Heap after GC invocations=13 (full 0):
 def new generation   total 4928K, used 512K [0x23a10000, 0x23f60000, 0x28f60000)
  eden space 4416K,   0% used [0x23a10000, 0x23a10000, 0x23e60000)
  from space 512K, 100% used [0x23ee0000, 0x23f60000, 0x23f60000)
  to   space 512K,   0% used [0x23e60000, 0x23e60000, 0x23ee0000)
 tenured generation   total 10944K, used 8122K [0x28f60000, 0x29a10000, 0x33a10000)
   the space 10944K,  74% used [0x28f60000, 0x2974ea40, 0x2974ec00, 0x29a10000)
 compacting perm gen  total 12288K, used 8769K [0x33a10000, 0x34610000, 0x37a10000)
   the space 12288K,  71% used [0x33a10000, 0x342a0690, 0x342a0800, 0x34610000)
    ro space 10240K,  41% used [0x37a10000, 0x37e416b0, 0x37e41800, 0x38410000)
    rw space 12288K,  52% used [0x38410000, 0x38a559f0, 0x38a55a00, 0x39010000)
}
Event: 13.802 GC heap before
{Heap before GC invocations=13 (full 0):
 def new generation   total 4928K, used 4928K [0x23a10000, 0x23f60000, 0x28f60000)
  eden space 4416K, 100% used [0x23a10000, 0x23e60000, 0x23e60000)
  from space 512K, 100% used [0x23ee0000, 0x23f60000, 0x23f60000)
  to   space 512K,   0% used [0x23e60000, 0x23e60000, 0x23ee0000)
 tenured generation   total 10944K, used 8122K [0x28f60000, 0x29a10000, 0x33a10000)
   the space 10944K,  74% used [0x28f60000, 0x2974ea40, 0x2974ec00, 0x29a10000)
 compacting perm gen  total 12288K, used 8799K [0x33a10000, 0x34610000, 0x37a10000)
   the space 12288K,  71% used [0x33a10000, 0x342a7da8, 0x342a7e00, 0x34610000)
    ro space 10240K,  41% used [0x37a10000, 0x37e416b0, 0x37e41800, 0x38410000)
    rw space 12288K,  52% used [0x38410000, 0x38a559f0, 0x38a55a00, 0x39010000)
Event: 13.912 GC heap after
Heap after GC invocations=14 (full 1):
 def new generation   total 8256K, used 0K [0x23a10000, 0x24300000, 0x28f60000)
  eden space 7360K,   0% used [0x23a10000, 0x23a10000, 0x24140000)
  from space 896K,   0% used [0x24140000, 0x24140000, 0x24220000)
  to   space 896K,   0% used [0x24220000, 0x24220000, 0x24300000)
 tenured generation   total 18208K, used 10924K [0x28f60000, 0x2a128000, 0x33a10000)
   the space 18208K,  59% used [0x28f60000, 0x29a0b080, 0x29a0b200, 0x2a128000)
 compacting perm gen  total 12288K, used 8799K [0x33a10000, 0x34610000, 0x37a10000)
   the space 12288K,  71% used [0x33a10000, 0x342a7da8, 0x342a7e00, 0x34610000)
    ro space 10240K,  41% used [0x37a10000, 0x37e416b0, 0x37e41800, 0x38410000)
    rw space 12288K,  52% used [0x38410000, 0x38a559f0, 0x38a55a00, 0x39010000)
}

