# JRE version: Java(TM) SE Runtime Environment (7.0_40-b43) (build 1.7.0_40-b43)
# Java VM: Java HotSpot(TM) Client VM (24.0-b56 mixed mode, sharing windows-x86 )
Heap
 def new generation   total 8064K, used 6013K [0x23a10000, 0x242d0000, 0x28f60000)
  eden space 7168K,  71% used [0x23a10000, 0x23f0f710, 0x24110000)
  from space 896K, 100% used [0x241f0000, 0x242d0000, 0x242d0000)
  to   space 896K,   0% used [0x24110000, 0x24110000, 0x241f0000)
 tenured generation   total 17852K, used 11692K [0x28f60000, 0x2a0cf000, 0x33a10000)
   the space 17852K,  65% used [0x28f60000, 0x29acb200, 0x29acb200, 0x2a0cf000)
 compacting perm gen  total 12288K, used 8866K [0x33a10000, 0x34610000, 0x37a10000)
   the space 12288K,  72% used [0x33a10000, 0x342b8aa0, 0x342b8c00, 0x34610000)
    ro space 10240K,  41% used [0x37a10000, 0x37e416b0, 0x37e41800, 0x38410000)
    rw space 12288K,  52% used [0x38410000, 0x38a559f0, 0x38a55a00, 0x39010000)
GC Heap History (10 events):
Event: 6.360 GC heap before
{Heap before GC invocations=10 (full 0):
 def new generation   total 4928K, used 4774K [0x23a10000, 0x23f60000, 0x28f60000)
  eden space 4416K, 100% used [0x23a10000, 0x23e60000, 0x23e60000)
  from space 512K,  69% used [0x23e60000, 0x23eb9800, 0x23ee0000)
  to   space 512K,   0% used [0x23ee0000, 0x23ee0000, 0x23f60000)
 tenured generation   total 10944K, used 5304K [0x28f60000, 0x29a10000, 0x33a10000)
   the space 10944K,  48% used [0x28f60000, 0x2948e1e8, 0x2948e200, 0x29a10000)
 compacting perm gen  total 12288K, used 8156K [0x33a10000, 0x34610000, 0x37a10000)
   the space 12288K,  66% used [0x33a10000, 0x34207280, 0x34207400, 0x34610000)
    ro space 10240K,  41% used [0x37a10000, 0x37e416b0, 0x37e41800, 0x38410000)
    rw space 12288K,  52% used [0x38410000, 0x38a559f0, 0x38a55a00, 0x39010000)
Event: 6.365 GC heap after
Heap after GC invocations=11 (full 0):
 def new generation   total 4928K, used 361K [0x23a10000, 0x23f60000, 0x28f60000)
  eden space 4416K,   0% used [0x23a10000, 0x23a10000, 0x23e60000)
  from space 512K,  70% used [0x23ee0000, 0x23f3a7b8, 0x23f60000)
  to   space 512K,   0% used [0x23e60000, 0x23e60000, 0x23ee0000)
 tenured generation   total 10944K, used 5461K [0x28f60000, 0x29a10000, 0x33a10000)
   the space 10944K,  49% used [0x28f60000, 0x294b5740, 0x294b5800, 0x29a10000)
 compacting perm gen  total 12288K, used 8156K [0x33a10000, 0x34610000, 0x37a10000)
   the space 12288K,  66% used [0x33a10000, 0x34207280, 0x34207400, 0x34610000)
    ro space 10240K,  41% used [0x37a10000, 0x37e416b0, 0x37e41800, 0x38410000)
    rw space 12288K,  52% used [0x38410000, 0x38a559f0, 0x38a55a00, 0x39010000)
}
Event: 8.485 GC heap before
{Heap before GC invocations=11 (full 0):
 def new generation   total 4928K, used 4777K [0x23a10000, 0x23f60000, 0x28f60000)
  eden space 4416K, 100% used [0x23a10000, 0x23e60000, 0x23e60000)
  from space 512K,  70% used [0x23ee0000, 0x23f3a7b8, 0x23f60000)
  to   space 512K,   0% used [0x23e60000, 0x23e60000, 0x23ee0000)
 tenured generation   total 10944K, used 5461K [0x28f60000, 0x29a10000, 0x33a10000)
   the space 10944K,  49% used [0x28f60000, 0x294b5740, 0x294b5800, 0x29a10000)
 compacting perm gen  total 12288K, used 8486K [0x33a10000, 0x34610000, 0x37a10000)
   the space 12288K,  69% used [0x33a10000, 0x34259a78, 0x34259c00, 0x34610000)
    ro space 10240K,  41% used [0x37a10000, 0x37e416b0, 0x37e41800, 0x38410000)
    rw space 12288K,  52% used [0x38410000, 0x38a559f0, 0x38a55a00, 0x39010000)
Event: 8.496 GC heap after
Heap after GC invocations=12 (full 0):
 def new generation   total 4928K, used 512K [0x23a10000, 0x23f60000, 0x28f60000)
  eden space 4416K,   0% used [0x23a10000, 0x23a10000, 0x23e60000)
  from space 512K, 100% used [0x23e60000, 0x23ee0000, 0x23ee0000)
  to   space 512K,   0% used [0x23ee0000, 0x23ee0000, 0x23f60000)
 tenured generation   total 10944K, used 6682K [0x28f60000, 0x29a10000, 0x33a10000)
   the space 10944K,  61% used [0x28f60000, 0x295e6b20, 0x295e6c00, 0x29a10000)
 compacting perm gen  total 12288K, used 8486K [0x33a10000, 0x34610000, 0x37a10000)
   the space 12288K,  69% used [0x33a10000, 0x34259a78, 0x34259c00, 0x34610000)
    ro space 10240K,  41% used [0x37a10000, 0x37e416b0, 0x37e41800, 0x38410000)
    rw space 12288K,  52% used [0x38410000, 0x38a559f0, 0x38a55a00, 0x39010000)
}
Event: 14.440 GC heap before
{Heap before GC invocations=12 (full 0):
 def new generation   total 4928K, used 4928K [0x23a10000, 0x23f60000, 0x28f60000)
  eden space 4416K, 100% used [0x23a10000, 0x23e60000, 0x23e60000)
  from space 512K, 100% used [0x23e60000, 0x23ee0000, 0x23ee0000)
  to   space 512K,   0% used [0x23ee0000, 0x23ee0000, 0x23f60000)
 tenured generation   total 10944K, used 6682K [0x28f60000, 0x29a10000, 0x33a10000)
   the space 10944K,  61% used [0x28f60000, 0x295e6b20, 0x295e6c00, 0x29a10000)
 compacting perm gen  total 12288K, used 8717K [0x33a10000, 0x34610000, 0x37a10000)
   the space 12288K,  70% used [0x33a10000, 0x34293780, 0x34293800, 0x34610000)
    ro space 10240K,  41% used [0x37a10000, 0x37e416b0, 0x37e41800, 0x38410000)
    rw space 12288K,  52% used [0x38410000, 0x38a559f0, 0x38a55a00, 0x39010000)
Event: 14.454 GC heap after
Heap after GC invocations=13 (full 0):
 def new generation   total 4928K, used 512K [0x23a10000, 0x23f60000, 0x28f60000)
  eden space 4416K,   0% used [0x23a10000, 0x23a10000, 0x23e60000)
  from space 512K, 100% used [0x23ee0000, 0x23f60000, 0x23f60000)
  to   space 512K,   0% used [0x23e60000, 0x23e60000, 0x23ee0000)
 tenured generation   total 10944K, used 8170K [0x28f60000, 0x29a10000, 0x33a10000)
   the space 10944K,  74% used [0x28f60000, 0x2975a920, 0x2975aa00, 0x29a10000)
 compacting perm gen  total 12288K, used 8717K [0x33a10000, 0x34610000, 0x37a10000)
   the space 12288K,  70% used [0x33a10000, 0x34293780, 0x34293800, 0x34610000)
    ro space 10240K,  41% used [0x37a10000, 0x37e416b0, 0x37e41800, 0x38410000)
    rw space 12288K,  52% used [0x38410000, 0x38a559f0, 0x38a55a00, 0x39010000)
}
Event: 14.597 GC heap before
{Heap before GC invocations=13 (full 0):
 def new generation   total 4928K, used 4928K [0x23a10000, 0x23f60000, 0x28f60000)
  eden space 4416K, 100% used [0x23a10000, 0x23e60000, 0x23e60000)
  from space 512K, 100% used [0x23ee0000, 0x23f60000, 0x23f60000)
  to   space 512K,   0% used [0x23e60000, 0x23e60000, 0x23ee0000)
 tenured generation   total 10944K, used 8170K [0x28f60000, 0x29a10000, 0x33a10000)
   the space 10944K,  74% used [0x28f60000, 0x2975a920, 0x2975aa00, 0x29a10000)
 compacting perm gen  total 12288K, used 8786K [0x33a10000, 0x34610000, 0x37a10000)
   the space 12288K,  71% used [0x33a10000, 0x342a4a70, 0x342a4c00, 0x34610000)
    ro space 10240K,  41% used [0x37a10000, 0x37e416b0, 0x37e41800, 0x38410000)
    rw space 12288K,  52% used [0x38410000, 0x38a559f0, 0x38a55a00, 0x39010000)
Event: 14.701 GC heap after
Heap after GC invocations=14 (full 1):
 def new generation   total 8064K, used 0K [0x23a10000, 0x242d0000, 0x28f60000)
  eden space 7168K,   0% used [0x23a10000, 0x23a10000, 0x24110000)
  from space 896K,   0% used [0x24110000, 0x24110000, 0x241f0000)
  to   space 896K,   0% used [0x241f0000, 0x241f0000, 0x242d0000)
 tenured generation   total 17852K, used 10710K [0x28f60000, 0x2a0cf000, 0x33a10000)
   the space 17852K,  59% used [0x28f60000, 0x299d5a10, 0x299d5c00, 0x2a0cf000)
 compacting perm gen  total 12288K, used 8786K [0x33a10000, 0x34610000, 0x37a10000)
   the space 12288K,  71% used [0x33a10000, 0x342a4a70, 0x342a4c00, 0x34610000)
    ro space 10240K,  41% used [0x37a10000, 0x37e416b0, 0x37e41800, 0x38410000)
    rw space 12288K,  52% used [0x38410000, 0x38a559f0, 0x38a55a00, 0x39010000)
}
Event: 33.247 GC heap before
{Heap before GC invocations=14 (full 1):
 def new generation   total 8064K, used 7168K [0x23a10000, 0x242d0000, 0x28f60000)
  eden space 7168K, 100% used [0x23a10000, 0x24110000, 0x24110000)
  from space 896K,   0% used [0x24110000, 0x24110000, 0x241f0000)
  to   space 896K,   0% used [0x241f0000, 0x241f0000, 0x242d0000)
 tenured generation   total 17852K, used 10710K [0x28f60000, 0x2a0cf000, 0x33a10000)
   the space 17852K,  59% used [0x28f60000, 0x299d5a10, 0x299d5c00, 0x2a0cf000)
 compacting perm gen  total 12288K, used 8858K [0x33a10000, 0x34610000, 0x37a10000)
   the space 12288K,  72% used [0x33a10000, 0x342b6818, 0x342b6a00, 0x34610000)
    ro space 10240K,  41% used [0x37a10000, 0x37e416b0, 0x37e41800, 0x38410000)
    rw space 12288K,  52% used [0x38410000, 0x38a559f0, 0x38a55a00, 0x39010000)
Event: 33.260 GC heap after
Heap after GC invocations=15 (full 1):
 def new generation   total 8064K, used 896K [0x23a10000, 0x242d0000, 0x28f60000)
  eden space 7168K,   0% used [0x23a10000, 0x23a10000, 0x24110000)
  from space 896K, 100% used [0x241f0000, 0x242d0000, 0x242d0000)
  to   space 896K,   0% used [0x24110000, 0x24110000, 0x241f0000)
 tenured generation   total 17852K, used 11692K [0x28f60000, 0x2a0cf000, 0x33a10000)
   the space 17852K,  65% used [0x28f60000, 0x29acb200, 0x29acb200, 0x2a0cf000)
 compacting perm gen  total 12288K, used 8858K [0x33a10000, 0x34610000, 0x37a10000)
   the space 12288K,  72% used [0x33a10000, 0x342b6818, 0x342b6a00, 0x34610000)
    ro space 10240K,  41% used [0x37a10000, 0x37e416b0, 0x37e41800, 0x38410000)
    rw space 12288K,  52% used [0x38410000, 0x38a559f0, 0x38a55a00, 0x39010000)
}

