# JRE version: Java(TM) SE Runtime Environment (7.0_40-b43) (build 1.7.0_40-b43)
# Java VM: Java HotSpot(TM) Client VM (24.0-b56 mixed mode, sharing windows-x86 )
Heap
 def new generation   total 13824K, used 12037K [0x23a10000, 0x24910000, 0x28f60000)
  eden space 12288K,  97% used [0x23a10000, 0x245d15a8, 0x24610000)
  from space 1536K,   0% used [0x24610000, 0x24610000, 0x24790000)
  to   space 1536K,   0% used [0x24790000, 0x24790000, 0x24910000)
 tenured generation   total 30628K, used 18376K [0x28f60000, 0x2ad49000, 0x33a10000)
   the space 30628K,  59% used [0x28f60000, 0x2a152290, 0x2a152400, 0x2ad49000)
 compacting perm gen  total 12288K, used 8855K [0x33a10000, 0x34610000, 0x37a10000)
   the space 12288K,  72% used [0x33a10000, 0x342b5e60, 0x342b6000, 0x34610000)
    ro space 10240K,  41% used [0x37a10000, 0x37e416b0, 0x37e41800, 0x38410000)
    rw space 12288K,  52% used [0x38410000, 0x38a559f0, 0x38a55a00, 0x39010000)
GC Heap History (10 events):
Event: 37.682 GC heap before
{Heap before GC invocations=12 (full 0):
 def new generation   total 4928K, used 4928K [0x23a10000, 0x23f60000, 0x28f60000)
  eden space 4416K, 100% used [0x23a10000, 0x23e60000, 0x23e60000)
  from space 512K, 100% used [0x23e60000, 0x23ee0000, 0x23ee0000)
  to   space 512K,   0% used [0x23ee0000, 0x23ee0000, 0x23f60000)
 tenured generation   total 10944K, used 6746K [0x28f60000, 0x29a10000, 0x33a10000)
   the space 10944K,  61% used [0x28f60000, 0x295f6998, 0x295f6a00, 0x29a10000)
 compacting perm gen  total 12288K, used 8747K [0x33a10000, 0x34610000, 0x37a10000)
   the space 12288K,  71% used [0x33a10000, 0x3429af78, 0x3429b000, 0x34610000)
    ro space 10240K,  41% used [0x37a10000, 0x37e416b0, 0x37e41800, 0x38410000)
    rw space 12288K,  52% used [0x38410000, 0x38a559f0, 0x38a55a00, 0x39010000)
Event: 37.694 GC heap after
Heap after GC invocations=13 (full 0):
 def new generation   total 4928K, used 512K [0x23a10000, 0x23f60000, 0x28f60000)
  eden space 4416K,   0% used [0x23a10000, 0x23a10000, 0x23e60000)
  from space 512K, 100% used [0x23ee0000, 0x23f60000, 0x23f60000)
  to   space 512K,   0% used [0x23e60000, 0x23e60000, 0x23ee0000)
 tenured generation   total 10944K, used 7999K [0x28f60000, 0x29a10000, 0x33a10000)
   the space 10944K,  73% used [0x28f60000, 0x2972fdd8, 0x2972fe00, 0x29a10000)
 compacting perm gen  total 12288K, used 8747K [0x33a10000, 0x34610000, 0x37a10000)
   the space 12288K,  71% used [0x33a10000, 0x3429af78, 0x3429b000, 0x34610000)
    ro space 10240K,  41% used [0x37a10000, 0x37e416b0, 0x37e41800, 0x38410000)
    rw space 12288K,  52% used [0x38410000, 0x38a559f0, 0x38a55a00, 0x39010000)
}
Event: 37.851 GC heap before
{Heap before GC invocations=13 (full 0):
 def new generation   total 4928K, used 4928K [0x23a10000, 0x23f60000, 0x28f60000)
  eden space 4416K, 100% used [0x23a10000, 0x23e60000, 0x23e60000)
  from space 512K, 100% used [0x23ee0000, 0x23f60000, 0x23f60000)
  to   space 512K,   0% used [0x23e60000, 0x23e60000, 0x23ee0000)
 tenured generation   total 10944K, used 7999K [0x28f60000, 0x29a10000, 0x33a10000)
   the space 10944K,  73% used [0x28f60000, 0x2972fdd8, 0x2972fe00, 0x29a10000)
 compacting perm gen  total 12288K, used 8774K [0x33a10000, 0x34610000, 0x37a10000)
   the space 12288K,  71% used [0x33a10000, 0x342a1a08, 0x342a1c00, 0x34610000)
    ro space 10240K,  41% used [0x37a10000, 0x37e416b0, 0x37e41800, 0x38410000)
    rw space 12288K,  52% used [0x38410000, 0x38a559f0, 0x38a55a00, 0x39010000)
Event: 37.961 GC heap after
Heap after GC invocations=14 (full 1):
 def new generation   total 8064K, used 0K [0x23a10000, 0x242d0000, 0x28f60000)
  eden space 7168K,   0% used [0x23a10000, 0x23a10000, 0x24110000)
  from space 896K,   0% used [0x24110000, 0x24110000, 0x241f0000)
  to   space 896K,   0% used [0x241f0000, 0x241f0000, 0x242d0000)
 tenured generation   total 17872K, used 10723K [0x28f60000, 0x2a0d4000, 0x33a10000)
   the space 17872K,  59% used [0x28f60000, 0x299d8c70, 0x299d8e00, 0x2a0d4000)
 compacting perm gen  total 12288K, used 8774K [0x33a10000, 0x34610000, 0x37a10000)
   the space 12288K,  71% used [0x33a10000, 0x342a1a08, 0x342a1c00, 0x34610000)
    ro space 10240K,  41% used [0x37a10000, 0x37e416b0, 0x37e41800, 0x38410000)
    rw space 12288K,  52% used [0x38410000, 0x38a559f0, 0x38a55a00, 0x39010000)
}
Event: 183.803 GC heap before
{Heap before GC invocations=14 (full 1):
 def new generation   total 8064K, used 7168K [0x23a10000, 0x242d0000, 0x28f60000)
  eden space 7168K, 100% used [0x23a10000, 0x24110000, 0x24110000)
  from space 896K,   0% used [0x24110000, 0x24110000, 0x241f0000)
  to   space 896K,   0% used [0x241f0000, 0x241f0000, 0x242d0000)
 tenured generation   total 17872K, used 10723K [0x28f60000, 0x2a0d4000, 0x33a10000)
   the space 17872K,  59% used [0x28f60000, 0x299d8c70, 0x299d8e00, 0x2a0d4000)
 compacting perm gen  total 12288K, used 8845K [0x33a10000, 0x34610000, 0x37a10000)
   the space 12288K,  71% used [0x33a10000, 0x342b3710, 0x342b3800, 0x34610000)
    ro space 10240K,  41% used [0x37a10000, 0x37e416b0, 0x37e41800, 0x38410000)
    rw space 12288K,  52% used [0x38410000, 0x38a559f0, 0x38a55a00, 0x39010000)
Event: 183.819 GC heap after
Heap after GC invocations=15 (full 1):
 def new generation   total 8064K, used 896K [0x23a10000, 0x242d0000, 0x28f60000)
  eden space 7168K,   0% used [0x23a10000, 0x23a10000, 0x24110000)
  from space 896K, 100% used [0x241f0000, 0x242d0000, 0x242d0000)
  to   space 896K,   0% used [0x24110000, 0x24110000, 0x241f0000)
 tenured generation   total 17872K, used 11198K [0x28f60000, 0x2a0d4000, 0x33a10000)
   the space 17872K,  62% used [0x28f60000, 0x29a4fbe8, 0x29a4fc00, 0x2a0d4000)
 compacting perm gen  total 12288K, used 8845K [0x33a10000, 0x34610000, 0x37a10000)
   the space 12288K,  71% used [0x33a10000, 0x342b3710, 0x342b3800, 0x34610000)
    ro space 10240K,  41% used [0x37a10000, 0x37e416b0, 0x37e41800, 0x38410000)
    rw space 12288K,  52% used [0x38410000, 0x38a559f0, 0x38a55a00, 0x39010000)
}
Event: 189.858 GC heap before
{Heap before GC invocations=15 (full 1):
 def new generation   total 8064K, used 8064K [0x23a10000, 0x242d0000, 0x28f60000)
  eden space 7168K, 100% used [0x23a10000, 0x24110000, 0x24110000)
  from space 896K, 100% used [0x241f0000, 0x242d0000, 0x242d0000)
  to   space 896K,   0% used [0x24110000, 0x24110000, 0x241f0000)
 tenured generation   total 17872K, used 11198K [0x28f60000, 0x2a0d4000, 0x33a10000)
   the space 17872K,  62% used [0x28f60000, 0x29a4fbe8, 0x29a4fc00, 0x2a0d4000)
 compacting perm gen  total 12288K, used 8846K [0x33a10000, 0x34610000, 0x37a10000)
   the space 12288K,  71% used [0x33a10000, 0x342b3870, 0x342b3a00, 0x34610000)
    ro space 10240K,  41% used [0x37a10000, 0x37e416b0, 0x37e41800, 0x38410000)
    rw space 12288K,  52% used [0x38410000, 0x38a559f0, 0x38a55a00, 0x39010000)
Event: 189.899 GC heap after
Heap after GC invocations=16 (full 1):
 def new generation   total 8064K, used 896K [0x23a10000, 0x242d0000, 0x28f60000)
  eden space 7168K,   0% used [0x23a10000, 0x23a10000, 0x24110000)
  from space 896K, 100% used [0x24110000, 0x241f0000, 0x241f0000)
  to   space 896K,   0% used [0x241f0000, 0x241f0000, 0x242d0000)
 tenured generation   total 17872K, used 15771K [0x28f60000, 0x2a0d4000, 0x33a10000)
   the space 17872K,  88% used [0x28f60000, 0x29ec6e38, 0x29ec7000, 0x2a0d4000)
 compacting perm gen  total 12288K, used 8846K [0x33a10000, 0x34610000, 0x37a10000)
   the space 12288K,  71% used [0x33a10000, 0x342b3870, 0x342b3a00, 0x34610000)
    ro space 10240K,  41% used [0x37a10000, 0x37e416b0, 0x37e41800, 0x38410000)
    rw space 12288K,  52% used [0x38410000, 0x38a559f0, 0x38a55a00, 0x39010000)
}
Event: 213.749 GC heap before
{Heap before GC invocations=16 (full 1):
 def new generation   total 8064K, used 8064K [0x23a10000, 0x242d0000, 0x28f60000)
  eden space 7168K, 100% used [0x23a10000, 0x24110000, 0x24110000)
  from space 896K, 100% used [0x24110000, 0x241f0000, 0x241f0000)
  to   space 896K,   0% used [0x241f0000, 0x241f0000, 0x242d0000)
 tenured generation   total 17872K, used 15771K [0x28f60000, 0x2a0d4000, 0x33a10000)
   the space 17872K,  88% used [0x28f60000, 0x29ec6e38, 0x29ec7000, 0x2a0d4000)
 compacting perm gen  total 12288K, used 8851K [0x33a10000, 0x34610000, 0x37a10000)
   the space 12288K,  72% used [0x33a10000, 0x342b4fa0, 0x342b5000, 0x34610000)
    ro space 10240K,  41% used [0x37a10000, 0x37e416b0, 0x37e41800, 0x38410000)
    rw space 12288K,  52% used [0x38410000, 0x38a559f0, 0x38a55a00, 0x39010000)
Event: 213.913 GC heap after
Heap after GC invocations=17 (full 2):
 def new generation   total 13824K, used 0K [0x23a10000, 0x24910000, 0x28f60000)
  eden space 12288K,   0% used [0x23a10000, 0x23a10000, 0x24610000)
  from space 1536K,   0% used [0x24610000, 0x24610000, 0x24790000)
  to   space 1536K,   0% used [0x24790000, 0x24790000, 0x24910000)
 tenured generation   total 30628K, used 18376K [0x28f60000, 0x2ad49000, 0x33a10000)
   the space 30628K,  59% used [0x28f60000, 0x2a152290, 0x2a152400, 0x2ad49000)
 compacting perm gen  total 12288K, used 8851K [0x33a10000, 0x34610000, 0x37a10000)
   the space 12288K,  72% used [0x33a10000, 0x342b4fa0, 0x342b5000, 0x34610000)
    ro space 10240K,  41% used [0x37a10000, 0x37e416b0, 0x37e41800, 0x38410000)
    rw space 12288K,  52% used [0x38410000, 0x38a559f0, 0x38a55a00, 0x39010000)
}

